# JRE version: OpenJDK Runtime Environment (11.0+28) (build 11+28)
# Java VM: OpenJDK 64-Bit Server VM (11+28, mixed mode, tiered, compressed oops, g1 gc, windows-amd64)
Heap:
 garbage-first heap   total 315392K, used 66435K [0x0000000701e00000, 0x0000000800000000)
  region size 1024K, 53 young (54272K), 12 survivors (12288K)
 Metaspace       used 67817K, capacity 69163K, committed 69248K, reserved 1110016K
  class space    used 8545K, capacity 9051K, committed 9088K, reserved 1048576K
GC Heap History (10 events):
Event: 3.769 GC heap before
{Heap before GC invocations=4 (full 0):
 garbage-first heap   total 262144K, used 117783K [0x0000000701e00000, 0x0000000800000000)
  region size 1024K, 114 young (116736K), 7 survivors (7168K)
 Metaspace       used 35078K, capacity 35783K, committed 35840K, reserved 1081344K
  class space    used 4023K, capacity 4297K, committed 4352K, reserved 1048576K
}
Event: 3.782 GC heap after
{Heap after GC invocations=5 (full 0):
 garbage-first heap   total 262144K, used 13877K [0x0000000701e00000, 0x0000000800000000)
  region size 1024K, 10 young (10240K), 10 survivors (10240K)
 Metaspace       used 35078K, capacity 35783K, committed 35840K, reserved 1081344K
  class space    used 4023K, capacity 4297K, committed 4352K, reserved 1048576K
}
Event: 5.673 GC heap before
{Heap before GC invocations=6 (full 0):
 garbage-first heap   total 262144K, used 159285K [0x0000000701e00000, 0x0000000800000000)
  region size 1024K, 153 young (156672K), 10 survivors (10240K)
 Metaspace       used 46455K, capacity 47398K, committed 47616K, reserved 1091584K
  class space    used 5454K, capacity 5786K, committed 5888K, reserved 1048576K
}
Event: 5.686 GC heap after
{Heap after GC invocations=7 (full 0):
 garbage-first heap   total 262144K, used 19125K [0x0000000701e00000, 0x0000000800000000)
  region size 1024K, 15 young (15360K), 15 survivors (15360K)
 Metaspace       used 46455K, capacity 47398K, committed 47616K, reserved 1091584K
  class space    used 5454K, capacity 5786K, committed 5888K, reserved 1048576K
}
Event: 7.606 GC heap before
{Heap before GC invocations=7 (full 0):
 garbage-first heap   total 262144K, used 159413K [0x0000000701e00000, 0x0000000800000000)
  region size 1024K, 153 young (156672K), 15 survivors (15360K)
 Metaspace       used 58273K, capacity 59256K, committed 59392K, reserved 1101824K
  class space    used 7215K, capacity 7599K, committed 7680K, reserved 1048576K
}
Event: 7.623 GC heap after
{Heap after GC invocations=8 (full 0):
 garbage-first heap   total 262144K, used 21725K [0x0000000701e00000, 0x0000000800000000)
  region size 1024K, 14 young (14336K), 14 survivors (14336K)
 Metaspace       used 58273K, capacity 59256K, committed 59392K, reserved 1101824K
  class space    used 7215K, capacity 7599K, committed 7680K, reserved 1048576K
}
Event: 7.941 GC heap before
{Heap before GC invocations=8 (full 0):
 garbage-first heap   total 262144K, used 48349K [0x0000000701e00000, 0x0000000800000000)
  region size 1024K, 41 young (41984K), 14 survivors (14336K)
 Metaspace       used 59081K, capacity 60078K, committed 60160K, reserved 1101824K
  class space    used 7313K, capacity 7680K, committed 7680K, reserved 1048576K
}
Event: 7.958 GC heap after
{Heap after GC invocations=9 (full 0):
 garbage-first heap   total 262144K, used 23928K [0x0000000701e00000, 0x0000000800000000)
  region size 1024K, 11 young (11264K), 11 survivors (11264K)
 Metaspace       used 59081K, capacity 60078K, committed 60160K, reserved 1101824K
  class space    used 7313K, capacity 7680K, committed 7680K, reserved 1048576K
}
Event: 9.752 GC heap before
{Heap before GC invocations=10 (full 0):
 garbage-first heap   total 262144K, used 169336K [0x0000000701e00000, 0x0000000800000000)
  region size 1024K, 153 young (156672K), 11 survivors (11264K)
 Metaspace       used 64768K, capacity 66071K, committed 66304K, reserved 1107968K
  class space    used 8096K, capacity 8605K, committed 8704K, reserved 1048576K
}
Event: 9.764 GC heap after
{Heap after GC invocations=11 (full 0):
 garbage-first heap   total 315392K, used 25475K [0x0000000701e00000, 0x0000000800000000)
  region size 1024K, 12 young (12288K), 12 survivors (12288K)
 Metaspace       used 64768K, capacity 66071K, committed 66304K, reserved 1107968K
  class space    used 8096K, capacity 8605K, committed 8704K, reserved 1048576K
}

